\BOOKMARK [1][-]{section.1}{\376\377\000I\000n\000t\000r\000o\000d\000u\000\347\000\343\000o}{}% 1
\BOOKMARK [1][-]{section.2}{\376\377\000M\000\351\000t\000o\000d\000o\000s\000\040\000e\000\040\000P\000r\000o\000c\000e\000d\000i\000m\000e\000n\000t\000o\000s}{}% 2
\BOOKMARK [2][-]{subsection.2.1}{\376\377\000D\000e\000f\000i\000n\000i\000\347\000\343\000o\000\040\000d\000a\000\040\000F\000u\000n\000\347\000\343\000o\000\040\000e\000\040\000d\000a\000\040\000s\000u\000a\000\040\000P\000r\000i\000m\000e\000i\000r\000a\000\040\000D\000e\000r\000i\000v\000a\000d\000a}{section.2}% 3
\BOOKMARK [2][-]{subsection.2.2}{\376\377\000A\000n\000\341\000l\000i\000s\000e\000\040\000d\000o\000s\000\040\000I\000n\000t\000e\000r\000v\000a\000l\000o\000s\000\040\000e\000\040\000R\000a\000\355\000z\000e\000s}{section.2}% 4
\BOOKMARK [2][-]{subsection.2.3}{\376\377\000M\000\351\000t\000o\000d\000o\000\040\000d\000a\000\040\000B\000i\000s\000s\000e\000\347\000\343\000o}{section.2}% 5
\BOOKMARK [2][-]{subsection.2.4}{\376\377\000M\000\351\000t\000o\000d\000o\000\040\000d\000e\000\040\000N\000e\000w\000t\000o\000n}{section.2}% 6
\BOOKMARK [2][-]{subsection.2.5}{\376\377\000M\000\351\000t\000o\000d\000o\000\040\000d\000a\000s\000\040\000S\000e\000c\000a\000n\000t\000e\000s}{section.2}% 7
\BOOKMARK [1][-]{section.3}{\376\377\000R\000e\000s\000u\000l\000t\000a\000d\000o\000s\000\040\000e\000\040\000D\000i\000s\000c\000u\000s\000s\000\343\000o}{}% 8
\BOOKMARK [2][-]{subsubsection.3.0.1}{\376\377\000M\000\351\000t\000o\000d\000o\000\040\000d\000a\000\040\000B\000i\000s\000s\000e\000\347\000\343\000o}{section.3}% 9
\BOOKMARK [3][-]{subsubsection.3.0.2}{\376\377\000M\000\351\000t\000o\000d\000o\000\040\000d\000e\000\040\000N\000e\000w\000t\000o\000n}{subsubsection.3.0.1}% 10
\BOOKMARK [3][-]{subsubsection.3.0.3}{\376\377\000M\000\351\000t\000o\000d\000o\000\040\000d\000a\000s\000\040\000S\000e\000c\000a\000n\000t\000e\000s}{subsubsection.3.0.1}% 11
\BOOKMARK [2][-]{subsection.3.1}{\376\377\000C\000o\000m\000p\000a\000r\000a\000\347\000\343\000o\000\040\000d\000o\000s\000\040\000M\000\351\000t\000o\000d\000o\000s}{section.3}% 12
\BOOKMARK [2][-]{subsection.3.2}{\376\377\000A\000n\000\341\000l\000i\000s\000e\000\040\000d\000o\000s\000\040\000R\000e\000s\000u\000l\000t\000a\000d\000o\000s}{section.3}% 13
\BOOKMARK [2][-]{subsection.3.3}{\376\377\000C\000o\000n\000s\000i\000d\000e\000r\000a\000\347\000\365\000e\000s\000\040\000s\000o\000b\000r\000e\000\040\000a\000\040\000E\000f\000i\000c\000i\000\352\000n\000c\000i\000a}{section.3}% 14
\BOOKMARK [2][-]{subsection.3.4}{\376\377\000L\000i\000m\000i\000t\000a\000\347\000\365\000e\000s\000\040\000e\000\040\000O\000b\000s\000e\000r\000v\000a\000\347\000\365\000e\000s}{section.3}% 15
\BOOKMARK [1][-]{section.4}{\376\377\000C\000o\000n\000c\000l\000u\000s\000\343\000o}{}% 16
\BOOKMARK [1][-]{appendix.A}{\376\377\000T\000a\000b\000e\000l\000a\000s\000\040\000C\000o\000m\000p\000l\000e\000t\000a\000s\000\040\000d\000o\000s\000\040\000M\000\351\000t\000o\000d\000o\000s\000\040\000N\000u\000m\000\351\000r\000i\000c\000o\000s}{}% 17
\BOOKMARK [2][-]{subsection.A.1}{\376\377\000M\000\351\000t\000o\000d\000o\000\040\000d\000a\000\040\000B\000i\000s\000s\000e\000\347\000\343\000o}{appendix.A}% 18
\BOOKMARK [2][-]{subsection.A.2}{\376\377\000M\000\351\000t\000o\000d\000o\000\040\000d\000e\000\040\000N\000e\000w\000t\000o\000n}{appendix.A}% 19
\BOOKMARK [2][-]{subsection.A.3}{\376\377\000M\000\351\000t\000o\000d\000o\000\040\000d\000a\000s\000\040\000S\000e\000c\000a\000n\000t\000e\000s}{appendix.A}% 20
\BOOKMARK [3][-]{subsubsection.A.3.1}{\376\377\000P\000r\000i\000m\000e\000i\000r\000a\000\040\000e\000x\000e\000c\000u\000\347\000\343\000o}{subsection.A.3}% 21
\BOOKMARK [3][-]{subsubsection.A.3.2}{\376\377\000S\000e\000g\000u\000n\000d\000a\000\040\000e\000x\000e\000c\000u\000\347\000\343\000o}{subsection.A.3}% 22
